Added Component: Designator=U6(PIC32)
Add component. Clean all parameters for all variants
Added Pin To Net: NetName=NetP1_13 Pin=U6-1
Added Pin To Net: NetName=NetP1_1 Pin=U6-2
Added Pin To Net: NetName=NetU1_4 Pin=U6-3
Added Pin To Net: NetName=NetU1_3 Pin=U6-4
Added Pin To Net: NetName=NetU2_2 Pin=U6-5
Added Pin To Net: NetName=GND Pin=U6-6
Added Pin To Net: NetName=NetC9_1 Pin=U6-7
Added Pin To Net: NetName=NetU2_5 Pin=U6-8
Added Pin To Net: NetName=NetU3_8 Pin=U6-9
Added Pin To Net: NetName=NetU3_10 Pin=U6-11
Added Pin To Net: NetName=NetU2_6 Pin=U6-14
Added Pin To Net: NetName=GND Pin=U6-16
Added Pin To Net: NetName=3.3V Pin=U6-17
Added Pin To Net: NetName=MCLR Pin=U6-18
Added Pin To Net: NetName=NetU4_1 Pin=U6-19
Added Pin To Net: NetName=NetU4_2 Pin=U6-20
Added Pin To Net: NetName=NetU4_3 Pin=U6-21
Added Pin To Net: NetName=NetU4_4 Pin=U6-22
Added Pin To Net: NetName=NetU4_5 Pin=U6-23
Added Pin To Net: NetName=NetU4_6 Pin=U6-24
Added Pin To Net: NetName=NetU4_7 Pin=U6-25
Added Pin To Net: NetName=NetU4_8 Pin=U6-26
Added Pin To Net: NetName=NetR3_2 Pin=U6-27
Added Pin To Net: NetName=3.3V Pin=U6-28
Added Pin To Net: NetName=GND Pin=U6-29
Added Pin To Net: NetName=X1 Pin=U6-30
Added Pin To Net: NetName=X2 Pin=U6-31
Added Pin To Net: NetName=NetR4_2 Pin=U6-32
Added Pin To Net: NetName=NetR5_2 Pin=U6-33
Added Pin To Net: NetName=NetU2_1 Pin=U6-36
Added Pin To Net: NetName=GND Pin=U6-39
Added Pin To Net: NetName=3.3V Pin=U6-40
Added Pin To Net: NetName=PGED3 Pin=U6-41
Added Pin To Net: NetName=PGEC3 Pin=U6-42
Added Pin To Net: NetName=NetP1_12 Pin=U6-44
