Removed Pin From Net: NetName=NetP4_4 Pin=U3-3
Removed Pin From Net: NetName=NetP4_3 Pin=U3-4
Removed Pin From Net: NetName=NetU2_5 Pin=U3-8
Removed Pin From Net: NetName=NetR3_2 Pin=U3-27
Removed Pin From Net: NetName=NetU2_1 Pin=U3-36
Removed Pin From Net: NetName=NetU3_26 Pin=U5-1
Removed Pin From Net: NetName=NetU3_25 Pin=U5-2
Removed Pin From Net: NetName=NetU3_24 Pin=U5-3
Removed Pin From Net: NetName=NetU3_23 Pin=U5-4
Removed Pin From Net: NetName=NetU3_22 Pin=U5-5
Removed Pin From Net: NetName=NetU3_21 Pin=U5-6
Added Pin To Net: NetName=NetU2_5 Pin=U3-4
Added Pin To Net: NetName=NetR3_2 Pin=U3-15
Added Pin To Net: NetName=NetU2_1 Pin=U3-20
Added Pin To Net: NetName=NetP4_4 Pin=U3-34
Added Pin To Net: NetName=NetP4_3 Pin=U3-38
Added Pin To Net: NetName=NetU3_26 Pin=U5-2
Added Pin To Net: NetName=NetU3_25 Pin=U5-3
Added Pin To Net: NetName=NetU3_24 Pin=U5-4
Added Pin To Net: NetName=NetU3_23 Pin=U5-5
Added Pin To Net: NetName=NetU3_22 Pin=U5-6
Added Pin To Net: NetName=NetU3_21 Pin=U5-7
Added Pin To Net: NetName=NetU3_8 Pin=U3-8
Added Pin To Net: NetName=NetU3_8 Pin=U7-10
Added Net: Name=NetU3_8
Added Pin To Net: NetName=NetU3_27 Pin=U3-27
Added Pin To Net: NetName=NetU3_27 Pin=U5-1
Added Net: Name=NetU3_27
